<?xml version="1.0" encoding="UTF-8"?>
<!-- Generated by org.testng.reporters.JUnitXMLReporter -->
<testsuite ignored="6" hostname="sudhir-PC" failures="0" tests="4" name="Regration Testing on chrome" time="0.558" errors="0" timestamp="2023-04-23T16:14:28 IST">
  <testcase classname="test.ValidatingLoginFunctionality" name="verifyLoginWithstandard_user" time="0.0">
    <skipped/>
  </testcase> <!-- verifyLoginWithstandard_user -->
  <testcase classname="test.ValidatingLoginFunctionality" name="verifyLoginWithlocked_out_user" time="0.0">
    <skipped/>
  </testcase> <!-- verifyLoginWithlocked_out_user -->
  <testcase classname="test.ValidatingLoginFunctionality" name="verifyLoginWithproblem_user" time="0.0">
    <skipped/>
  </testcase> <!-- verifyLoginWithproblem_user -->
  <testcase classname="test.ValidatingLoginFunctionality" name="verifyLoginWithperformance_glitch_user" time="0.0">
    <skipped/>
  </testcase> <!-- verifyLoginWithperformance_glitch_user -->
  <testcase classname="test.TestCasesForFunctionalityOfSwagLabs" name="VerifyChekoutFunctionality" time="0.0">
    <ignored/>
  </testcase> <!-- VerifyChekoutFunctionality -->
  <testcase classname="test.TestCasesForFunctionalityOfSwagLabs" name="RemoveMultipleProductsFromCart" time="0.0">
    <ignored/>
  </testcase> <!-- RemoveMultipleProductsFromCart -->
  <testcase classname="test.TestCasesForFunctionalityOfSwagLabs" name="verifyLogInFunctionality" time="0.0">
    <ignored/>
  </testcase> <!-- verifyLogInFunctionality -->
  <testcase classname="test.TestCasesForFunctionalityOfSwagLabs" name="addProductOnCart" time="0.0">
    <ignored/>
  </testcase> <!-- addProductOnCart -->
  <testcase classname="test.TestCasesForFunctionalityOfSwagLabs" name="removeProductFromCart" time="0.0">
    <ignored/>
  </testcase> <!-- removeProductFromCart -->
  <testcase classname="test.TestCasesForFunctionalityOfSwagLabs" name="addMultipleProductToCart" time="0.0">
    <ignored/>
  </testcase> <!-- addMultipleProductToCart -->
</testsuite> <!-- Regration Testing on chrome -->
